<?xml version="1.0" encoding="UTF-8"?>
<testsuite name="ee.itcollage.level3.AbsoluteNumberTest" tests="1" skipped="0" failures="0" errors="0" timestamp="2020-08-31T15:54:07" hostname="k1r55t0m4t" time="0.001">
  <properties/>
  <testcase name="minus_10" classname="ee.itcollage.level3.AbsoluteNumberTest" time="0.001"/>
  <system-out><![CDATA[]]></system-out>
  <system-err><![CDATA[]]></system-err>
</testsuite>
